웹 이슈 트래커 앱이 http://localhost:3000 에서 실행 중입니다.
데이터는 다음 파일에 저장됩니다: /opt/web-tracker/issues.json
정적 프론트엔드 파일은 다음 경로에서 제공됩니다: /opt/web-tracker/frontend-issue-tracker/dist
(개발 시에는 Vite 개발 서버(예: http://localhost:5173)를 통해 프론트엔드에 접속하고, 이 서버는 API 백엔드로 사용됩니다.)
Attempting to read issues from: /opt/web-tracker/issues.json
Successfully read issues.json.
Attempting to read issues from: /opt/web-tracker/issues.json
Successfully read issues.json.
Attempting to read issues from: /opt/web-tracker/issues.json
Successfully read issues.json.
Attempting to read issues from: /opt/web-tracker/issues.json
Successfully read issues.json.
Attempting to read issues from: /opt/web-tracker/issues.json
Successfully read issues.json.
Attempting to read issues from: /opt/web-tracker/issues.json
Successfully read issues.json.
Attempting to read issues from: /opt/web-tracker/issues.json
Successfully read issues.json.
Successfully wrote to issues.json.
Attempting to read issues from: /opt/web-tracker/issues.json
Successfully read issues.json.
Attempting to read issues from: /opt/web-tracker/issues.json
Successfully read issues.json.
Attempting to read issues from: /opt/web-tracker/issues.json
Successfully read issues.json.
Successfully wrote to issues.json.
Attempting to read issues from: /opt/web-tracker/issues.json
Successfully read issues.json.
Attempting to read issues from: /opt/web-tracker/issues.json
Successfully read issues.json.
Attempting to read issues from: /opt/web-tracker/issues.json
Successfully read issues.json.
Successfully wrote to issues.json.
Attempting to read issues from: /opt/web-tracker/issues.json
Successfully read issues.json.
Attempting to read issues from: /opt/web-tracker/issues.json
Successfully read issues.json.
Attempting to read issues from: /opt/web-tracker/issues.json
Successfully read issues.json.
Attempting to read issues from: /opt/web-tracker/issues.json
Successfully read issues.json.
Successfully wrote to issues.json.
Attempting to read issues from: /opt/web-tracker/issues.json
Successfully read issues.json.
Successfully wrote to issues.json.
Attempting to read issues from: /opt/web-tracker/issues.json
Successfully read issues.json.
Attempting to read issues from: /opt/web-tracker/issues.json
Successfully read issues.json.
Attempting to read issues from: /opt/web-tracker/issues.json
Successfully read issues.json.
Attempting to read issues from: /opt/web-tracker/issues.json
Successfully read issues.json.
Attempting to read issues from: /opt/web-tracker/issues.json
Successfully read issues.json.
웹 이슈 트래커 앱이 http://localhost:3000 에서 실행 중입니다.
데이터는 다음 파일에 저장됩니다: /opt/web-tracker/issues.json
정적 프론트엔드 파일은 다음 경로에서 제공됩니다: /opt/web-tracker/frontend-issue-tracker/dist
(개발 시에는 Vite 개발 서버(예: http://localhost:5173)를 통해 프론트엔드에 접속하고, 이 서버는 API 백엔드로 사용됩니다.)
Attempting to read issues from: /opt/web-tracker/issues.json
Successfully read issues.json.
Attempting to read issues from: /opt/web-tracker/issues.json
Successfully read issues.json.
Attempting to read issues from: /opt/web-tracker/issues.json
Successfully read issues.json.
Attempting to read issues from: /opt/web-tracker/issues.json
Successfully read issues.json.
Attempting to read issues from: /opt/web-tracker/issues.json
Successfully read issues.json.
Successfully wrote to issues.json.
Attempting to read issues from: /opt/web-tracker/issues.json
Successfully read issues.json.
Attempting to read issues from: /opt/web-tracker/issues.json
Successfully read issues.json.
Attempting to read issues from: /opt/web-tracker/issues.json
Successfully read issues.json.
Successfully wrote to issues.json.
Attempting to read issues from: /opt/web-tracker/issues.json
Successfully read issues.json.
Attempting to read issues from: /opt/web-tracker/issues.json
Successfully read issues.json.
Attempting to read issues from: /opt/web-tracker/issues.json
Successfully read issues.json.
Successfully wrote to issues.json.
Attempting to read issues from: /opt/web-tracker/issues.json
Successfully read issues.json.
Attempting to read issues from: /opt/web-tracker/issues.json
Successfully read issues.json.
웹 이슈 트래커 앱이 http://localhost:3000 에서 실행 중입니다.
데이터는 다음 파일에 저장됩니다: /opt/web-tracker/issues.json
정적 프론트엔드 파일은 다음 경로에서 제공됩니다: /opt/web-tracker/frontend-issue-tracker/dist
(개발 시에는 Vite 개발 서버(예: http://localhost:5173)를 통해 프론트엔드에 접속하고, 이 서버는 API 백엔드로 사용됩니다.)
Attempting to read issues from: /opt/web-tracker/issues.json
Successfully read issues.json.
Attempting to read issues from: /opt/web-tracker/issues.json
Successfully read issues.json.
Attempting to read issues from: /opt/web-tracker/issues.json
Successfully read issues.json.
Successfully wrote to issues.json.
Attempting to read issues from: /opt/web-tracker/issues.json
Successfully read issues.json.
Attempting to read issues from: /opt/web-tracker/issues.json
Successfully read issues.json.
Successfully wrote to issues.json.
Attempting to read issues from: /opt/web-tracker/issues.json
Successfully read issues.json.
Attempting to read issues from: /opt/web-tracker/issues.json
Successfully read issues.json.
Attempting to read issues from: /opt/web-tracker/issues.json
Successfully read issues.json.
Attempting to read issues from: /opt/web-tracker/issues.json
Successfully read issues.json.
Attempting to read issues from: /opt/web-tracker/issues.json
Successfully read issues.json.
Attempting to read issues from: /opt/web-tracker/issues.json
Successfully read issues.json.
Attempting to read issues from: /opt/web-tracker/issues.json
Successfully read issues.json.
Attempting to read issues from: /opt/web-tracker/issues.json
Successfully read issues.json.
Successfully wrote to issues.json.
